2023-06-29 20:41:03.679 [JavaFX Application Thread] INFO  project.itss.group11.itss.Until.ConnectionPool - Create pool
2023-06-29 20:41:03.681 [JavaFX Application Thread] INFO  project.itss.group11.itss.Until.ConnectionPool - Load conf database OK
2023-06-29 20:41:17.726 [JavaFX Application Thread] INFO  project.itss.group11.itss.controller.LoginController - Start login user: 20205103 , pass: nam
2023-06-29 20:41:17.767 [JavaFX Application Thread] INFO  project.itss.group11.itss.controller.LoginController - Login Success
2023-06-29 20:41:21.441 [JavaFX Application Thread] INFO  project.itss.group11.itss.repository.Impl.EmployeeInforRepositoryImpl - Unit ID: 2
2023-06-29 20:41:28.736 [JavaFX Application Thread] INFO  project.itss.group11.itss.repository.Impl.LogInforRepositoryImpl - getLogByMonth: 9
2023-06-29 20:47:12.754 [JavaFX Application Thread] INFO  project.itss.group11.itss.repository.Impl.LogInforRepositoryImpl - getLogByMonth: 9
2023-06-29 20:50:35.048 [JavaFX Application Thread] INFO  project.itss.group11.itss.Until.ConnectionPool - Create pool
2023-06-29 20:50:35.052 [JavaFX Application Thread] INFO  project.itss.group11.itss.Until.ConnectionPool - Load conf database OK
2023-06-29 20:50:48.704 [JavaFX Application Thread] INFO  project.itss.group11.itss.Until.ConnectionPool - Create pool
2023-06-29 20:50:48.706 [JavaFX Application Thread] INFO  project.itss.group11.itss.Until.ConnectionPool - Load conf database OK
2023-06-29 20:51:08.214 [JavaFX Application Thread] INFO  project.itss.group11.itss.controller.LoginController - Start login user: 20205105 , pass: man
2023-06-29 20:51:08.233 [JavaFX Application Thread] INFO  project.itss.group11.itss.controller.LoginController - Login Success
2023-06-29 20:51:19.258 [JavaFX Application Thread] INFO  project.itss.group11.itss.controller.LoginController - Start login user: 20205105 , pass: man
2023-06-29 20:51:19.259 [JavaFX Application Thread] INFO  project.itss.group11.itss.controller.LoginController - Login Success
2023-06-29 20:53:04.882 [JavaFX Application Thread] INFO  project.itss.group11.itss.controller.LoginController - Start login user: 20205103 , pass: nam
2023-06-29 20:53:04.883 [JavaFX Application Thread] INFO  project.itss.group11.itss.controller.LoginController - Login Success
2023-06-30 00:39:36.443 [JavaFX Application Thread] INFO  project.itss.group11.itss.Until.ConnectionPool - Create pool
2023-06-30 00:39:36.446 [JavaFX Application Thread] INFO  project.itss.group11.itss.Until.ConnectionPool - Load conf database OK
2023-06-30 00:39:44.727 [JavaFX Application Thread] INFO  project.itss.group11.itss.controller.LoginController - Start login user: nam , pass: aa
2023-06-30 00:39:44.737 [JavaFX Application Thread] ERROR project.itss.group11.itss.controller.LoginController - Error in handleLogin 
java.lang.NumberFormatException: For input string: "nam"
	at java.lang.NumberFormatException.forInputString(NumberFormatException.java:67) ~[?:?]
	at java.lang.Integer.parseInt(Integer.java:668) ~[?:?]
	at java.lang.Integer.parseInt(Integer.java:786) ~[?:?]
	at project.itss.group11.itss.repository.Impl.UserRepositoryImpl.getPass(UserRepositoryImpl.java:21) ~[classes/:?]
	at project.itss.group11.itss.service.Impl.LoginServiceImpl.checkLogin(LoginServiceImpl.java:16) ~[classes/:?]
	at project.itss.group11.itss.controller.LoginController.handleLogin(LoginController.java:72) ~[classes/:?]
	at jdk.internal.reflect.NativeMethodAccessorImpl.invoke0(Native Method) ~[?:?]
	at jdk.internal.reflect.NativeMethodAccessorImpl.invoke(NativeMethodAccessorImpl.java:77) ~[?:?]
	at jdk.internal.reflect.DelegatingMethodAccessorImpl.invoke(DelegatingMethodAccessorImpl.java:43) ~[?:?]
	at java.lang.reflect.Method.invoke(Method.java:568) ~[?:?]
	at com.sun.javafx.reflect.Trampoline.invoke(MethodUtil.java:77) ~[javafx-base-17.0.2-mac.jar:?]
	at jdk.internal.reflect.GeneratedMethodAccessor2.invoke(Unknown Source) ~[?:?]
	at jdk.internal.reflect.DelegatingMethodAccessorImpl.invoke(DelegatingMethodAccessorImpl.java:43) ~[?:?]
	at java.lang.reflect.Method.invoke(Method.java:568) ~[?:?]
	at com.sun.javafx.reflect.MethodUtil.invoke(MethodUtil.java:275) ~[javafx-base-17.0.2-mac.jar:?]
	at com.sun.javafx.fxml.MethodHelper.invoke(MethodHelper.java:84) ~[javafx-fxml-17.0.2-mac.jar:?]
	at javafx.fxml.FXMLLoader$MethodHandler.invoke(FXMLLoader.java:1852) ~[javafx-fxml-17.0.2-mac.jar:?]
	at javafx.fxml.FXMLLoader$ControllerMethodEventHandler.handle(FXMLLoader.java:1724) ~[javafx-fxml-17.0.2-mac.jar:?]
	at com.sun.javafx.event.CompositeEventHandler.dispatchBubblingEvent(CompositeEventHandler.java:86) ~[javafx-base-17.0.2-mac.jar:?]
	at com.sun.javafx.event.EventHandlerManager.dispatchBubblingEvent(EventHandlerManager.java:234) ~[javafx-base-17.0.2-mac.jar:?]
	at com.sun.javafx.event.EventHandlerManager.dispatchBubblingEvent(EventHandlerManager.java:191) ~[javafx-base-17.0.2-mac.jar:?]
	at com.sun.javafx.event.CompositeEventDispatcher.dispatchBubblingEvent(CompositeEventDispatcher.java:59) ~[javafx-base-17.0.2-mac.jar:?]
	at com.sun.javafx.event.BasicEventDispatcher.dispatchEvent(BasicEventDispatcher.java:58) ~[javafx-base-17.0.2-mac.jar:?]
	at com.sun.javafx.event.EventDispatchChainImpl.dispatchEvent(EventDispatchChainImpl.java:114) ~[javafx-base-17.0.2-mac.jar:?]
	at com.sun.javafx.event.BasicEventDispatcher.dispatchEvent(BasicEventDispatcher.java:56) ~[javafx-base-17.0.2-mac.jar:?]
	at com.sun.javafx.event.EventDispatchChainImpl.dispatchEvent(EventDispatchChainImpl.java:114) ~[javafx-base-17.0.2-mac.jar:?]
	at com.sun.javafx.event.BasicEventDispatcher.dispatchEvent(BasicEventDispatcher.java:56) ~[javafx-base-17.0.2-mac.jar:?]
	at com.sun.javafx.event.EventDispatchChainImpl.dispatchEvent(EventDispatchChainImpl.java:114) ~[javafx-base-17.0.2-mac.jar:?]
	at com.sun.javafx.event.EventUtil.fireEventImpl(EventUtil.java:74) ~[javafx-base-17.0.2-mac.jar:?]
	at com.sun.javafx.event.EventUtil.fireEvent(EventUtil.java:49) ~[javafx-base-17.0.2-mac.jar:?]
	at javafx.event.Event.fireEvent(Event.java:198) ~[javafx-base-17.0.2-mac.jar:?]
	at javafx.scene.Node.fireEvent(Node.java:8792) ~[javafx-graphics-17.0.2-mac.jar:?]
	at javafx.scene.control.Button.fire(Button.java:203) ~[javafx-controls-17.0.2-mac.jar:?]
	at com.sun.javafx.scene.control.behavior.ButtonBehavior.mouseReleased(ButtonBehavior.java:208) ~[javafx-controls-17.0.2-mac.jar:?]
	at com.sun.javafx.scene.control.inputmap.InputMap.handle(InputMap.java:274) ~[javafx-controls-17.0.2-mac.jar:?]
	at com.sun.javafx.event.CompositeEventHandler$NormalEventHandlerRecord.handleBubblingEvent(CompositeEventHandler.java:247) ~[javafx-base-17.0.2-mac.jar:?]
	at com.sun.javafx.event.CompositeEventHandler.dispatchBubblingEvent(CompositeEventHandler.java:80) ~[javafx-base-17.0.2-mac.jar:?]
	at com.sun.javafx.event.EventHandlerManager.dispatchBubblingEvent(EventHandlerManager.java:234) ~[javafx-base-17.0.2-mac.jar:?]
	at com.sun.javafx.event.EventHandlerManager.dispatchBubblingEvent(EventHandlerManager.java:191) ~[javafx-base-17.0.2-mac.jar:?]
	at com.sun.javafx.event.CompositeEventDispatcher.dispatchBubblingEvent(CompositeEventDispatcher.java:59) ~[javafx-base-17.0.2-mac.jar:?]
	at com.sun.javafx.event.BasicEventDispatcher.dispatchEvent(BasicEventDispatcher.java:58) ~[javafx-base-17.0.2-mac.jar:?]
	at com.sun.javafx.event.EventDispatchChainImpl.dispatchEvent(EventDispatchChainImpl.java:114) ~[javafx-base-17.0.2-mac.jar:?]
	at com.sun.javafx.event.BasicEventDispatcher.dispatchEvent(BasicEventDispatcher.java:56) ~[javafx-base-17.0.2-mac.jar:?]
	at com.sun.javafx.event.EventDispatchChainImpl.dispatchEvent(EventDispatchChainImpl.java:114) ~[javafx-base-17.0.2-mac.jar:?]
	at com.sun.javafx.event.BasicEventDispatcher.dispatchEvent(BasicEventDispatcher.java:56) ~[javafx-base-17.0.2-mac.jar:?]
	at com.sun.javafx.event.EventDispatchChainImpl.dispatchEvent(EventDispatchChainImpl.java:114) ~[javafx-base-17.0.2-mac.jar:?]
	at com.sun.javafx.event.EventUtil.fireEventImpl(EventUtil.java:74) ~[javafx-base-17.0.2-mac.jar:?]
	at com.sun.javafx.event.EventUtil.fireEvent(EventUtil.java:54) ~[javafx-base-17.0.2-mac.jar:?]
	at javafx.event.Event.fireEvent(Event.java:198) ~[javafx-base-17.0.2-mac.jar:?]
	at javafx.scene.Scene$MouseHandler.process(Scene.java:3897) ~[javafx-graphics-17.0.2-mac.jar:?]
	at javafx.scene.Scene.processMouseEvent(Scene.java:1878) ~[javafx-graphics-17.0.2-mac.jar:?]
	at javafx.scene.Scene$ScenePeerListener.mouseEvent(Scene.java:2623) ~[javafx-graphics-17.0.2-mac.jar:?]
	at com.sun.javafx.tk.quantum.GlassViewEventHandler$MouseEventNotification.run(GlassViewEventHandler.java:411) ~[javafx-graphics-17.0.2-mac.jar:?]
	at com.sun.javafx.tk.quantum.GlassViewEventHandler$MouseEventNotification.run(GlassViewEventHandler.java:301) ~[javafx-graphics-17.0.2-mac.jar:?]
	at java.security.AccessController.doPrivileged(AccessController.java:399) ~[?:?]
	at com.sun.javafx.tk.quantum.GlassViewEventHandler.lambda$handleMouseEvent$2(GlassViewEventHandler.java:450) ~[javafx-graphics-17.0.2-mac.jar:?]
	at com.sun.javafx.tk.quantum.QuantumToolkit.runWithoutRenderLock(QuantumToolkit.java:424) [javafx-graphics-17.0.2-mac.jar:?]
	at com.sun.javafx.tk.quantum.GlassViewEventHandler.handleMouseEvent(GlassViewEventHandler.java:449) [javafx-graphics-17.0.2-mac.jar:?]
	at com.sun.glass.ui.View.handleMouseEvent(View.java:557) [javafx-graphics-17.0.2-mac.jar:?]
	at com.sun.glass.ui.View.notifyMouse(View.java:943) [javafx-graphics-17.0.2-mac.jar:?]
	at com.sun.glass.ui.mac.MacView.notifyMouse(MacView.java:127) [javafx-graphics-17.0.2-mac.jar:?]
2023-06-30 00:39:44.746 [JavaFX Application Thread] INFO  project.itss.group11.itss.controller.LoginController - Login Fail
2023-06-30 00:39:53.483 [JavaFX Application Thread] INFO  project.itss.group11.itss.controller.LoginController - Start login user: 20205103 , pass: nam
2023-06-30 00:39:53.496 [JavaFX Application Thread] INFO  project.itss.group11.itss.controller.LoginController - Login Success
2023-06-30 00:40:33.407 [JavaFX Application Thread] INFO  project.itss.group11.itss.controller.LoginController - Start login user: 20205103 , pass: nam
2023-06-30 00:40:33.409 [JavaFX Application Thread] INFO  project.itss.group11.itss.controller.LoginController - Login Success
2023-06-30 00:40:37.596 [JavaFX Application Thread] INFO  project.itss.group11.itss.repository.Impl.EmployeeInforRepositoryImpl - Unit ID: 2
2023-06-30 00:40:49.883 [JavaFX Application Thread] INFO  project.itss.group11.itss.repository.Impl.LogInforRepositoryImpl - getLogByMonth: 7
2023-06-30 00:45:26.373 [JavaFX Application Thread] INFO  project.itss.group11.itss.Until.ConnectionPool - Create pool
2023-06-30 00:45:26.376 [JavaFX Application Thread] INFO  project.itss.group11.itss.Until.ConnectionPool - Load conf database OK
2023-06-30 00:45:32.926 [JavaFX Application Thread] INFO  project.itss.group11.itss.controller.LoginController - Start login user: 20205103 , pass: nam
2023-06-30 00:45:32.944 [JavaFX Application Thread] INFO  project.itss.group11.itss.controller.LoginController - Login Success
2023-06-30 00:45:34.129 [JavaFX Application Thread] INFO  project.itss.group11.itss.repository.Impl.EmployeeInforRepositoryImpl - Unit ID: 2
2023-06-30 00:45:48.189 [JavaFX Application Thread] INFO  project.itss.group11.itss.repository.Impl.LogInforRepositoryImpl - getLogByMonth: 7
2023-06-30 00:47:43.950 [JavaFX Application Thread] INFO  project.itss.group11.itss.Until.ConnectionPool - Create pool
2023-06-30 00:47:43.953 [JavaFX Application Thread] INFO  project.itss.group11.itss.Until.ConnectionPool - Load conf database OK
2023-06-30 00:47:48.922 [JavaFX Application Thread] INFO  project.itss.group11.itss.controller.LoginController - Start login user: 20205103 , pass: nam
2023-06-30 00:47:48.938 [JavaFX Application Thread] INFO  project.itss.group11.itss.controller.LoginController - Login Success
2023-06-30 00:47:49.952 [JavaFX Application Thread] INFO  project.itss.group11.itss.repository.Impl.EmployeeInforRepositoryImpl - Unit ID: 2
2023-06-30 00:47:57.698 [JavaFX Application Thread] INFO  project.itss.group11.itss.repository.Impl.LogInforRepositoryImpl - getLogByMonth: 0
2023-06-30 00:48:00.733 [JavaFX Application Thread] INFO  project.itss.group11.itss.repository.Impl.EmployeeInforRepositoryImpl - Unit ID: 2
2023-06-30 00:48:02.783 [JavaFX Application Thread] INFO  project.itss.group11.itss.repository.Impl.LogInforRepositoryImpl - getLogByMonth: 7
2023-06-30 00:49:48.376 [JavaFX Application Thread] INFO  project.itss.group11.itss.Until.ConnectionPool - Create pool
2023-06-30 00:49:48.380 [JavaFX Application Thread] INFO  project.itss.group11.itss.Until.ConnectionPool - Load conf database OK
2023-06-30 00:49:54.117 [JavaFX Application Thread] INFO  project.itss.group11.itss.controller.LoginController - Start login user: 20205103 , pass: nam
2023-06-30 00:49:54.134 [JavaFX Application Thread] INFO  project.itss.group11.itss.controller.LoginController - Login Success
2023-06-30 00:52:48.041 [JavaFX Application Thread] INFO  project.itss.group11.itss.Until.ConnectionPool - Create pool
2023-06-30 00:52:48.044 [JavaFX Application Thread] INFO  project.itss.group11.itss.Until.ConnectionPool - Load conf database OK
2023-06-30 00:52:53.822 [JavaFX Application Thread] INFO  project.itss.group11.itss.controller.LoginController - Start login user: 20205103 , pass: nam
2023-06-30 00:52:53.839 [JavaFX Application Thread] INFO  project.itss.group11.itss.controller.LoginController - Login Success
2023-06-30 00:52:57.574 [JavaFX Application Thread] INFO  project.itss.group11.itss.repository.Impl.EmployeeInforRepositoryImpl - Unit ID: 2
2023-06-30 00:53:10.080 [JavaFX Application Thread] INFO  project.itss.group11.itss.repository.Impl.EmployeeInforRepositoryImpl - Unit ID: 2
